android/app/build/intermediates/manifest_merge_blame_file/debug/processDebugMainManifest/manifest-merger-blame-debug-report.txt
1<?xml version="1.0" encoding="utf-8"?>
2<manifest xmlns:android="http://schemas.android.com/apk/res/android"
3    package="com.example.smartsales365_movil"
4    android:versionCode="1"
5    android:versionName="1.0.0" >
6
7    <uses-sdk
8        android:minSdkVersion="24"
9        android:targetSdkVersion="36" />
10    <!--
11         The INTERNET permission is required for development. Specifically,
12         the Flutter tool needs it to communicate with the running application
13         to allow setting breakpoints, to provide hot reload, etc.
14    -->
15    <uses-permission android:name="android.permission.INTERNET" />
15-->src\debug\AndroidManifest.xml:6:5-66
15-->src\debug\AndroidManifest.xml:6:22-64
16    <!--
17     Required to query activities that can process text, see:
18         https://developer.android.com/training/package-visibility and
19         https://developer.android.com/reference/android/content/Intent#ACTION_PROCESS_TEXT.
20
21         In particular, this is used by the Flutter engine in io.flutter.plugin.text.ProcessTextPlugin.
22    -->
23    <queries>
23-->src\main\AndroidManifest.xml:40:5-45:15
24        <intent>
24-->src\main\AndroidManifest.xml:41:9-44:18
25            <action android:name="android.intent.action.PROCESS_TEXT" />
25-->src\main\AndroidManifest.xml:42:13-72
25-->src\main\AndroidManifest.xml:42:21-70
26
27            <data android:mimeType="text/plain" />
27-->src\main\AndroidManifest.xml:43:13-50
27-->src\main\AndroidManifest.xml:43:19-48
28        </intent>
29        <!-- Added to check the default browser that will host the AuthFlow. -->
30        <intent>
30-->[com.stripe:financial-connections:21.26.1] AndroidManifest.xml:13:9-17:18
31            <action android:name="android.intent.action.VIEW" />
31-->[com.stripe:financial-connections:21.26.1] AndroidManifest.xml:14:13-65
31-->[com.stripe:financial-connections:21.26.1] AndroidManifest.xml:14:21-62
32
33            <data android:scheme="http" />
33-->src\main\AndroidManifest.xml:43:13-50
34        </intent> <!-- Added to check if Chrome is installed for browser-based payment authentication (e.g. 3DS1). -->
35        <package android:name="com.android.chrome" /> <!-- Needs to be explicitly declared on Android R+ -->
35-->[com.stripe:payments-core:21.26.1] AndroidManifest.xml:11:9-54
35-->[com.stripe:payments-core:21.26.1] AndroidManifest.xml:11:18-51
36        <package android:name="com.google.android.apps.maps" />
36-->[com.google.android.gms:play-services-maps:18.0.2] AndroidManifest.xml:33:9-64
36-->[com.google.android.gms:play-services-maps:18.0.2] AndroidManifest.xml:33:18-61
37    </queries>
38
39    <uses-permission android:name="android.permission.WAKE_LOCK" />
39-->[:firebase_messaging] AndroidManifest.xml:8:5-68
39-->[:firebase_messaging] AndroidManifest.xml:8:22-65
40    <uses-permission android:name="android.permission.ACCESS_NETWORK_STATE" /> <!-- Permissions options for the `notification` group -->
40-->[:firebase_messaging] AndroidManifest.xml:9:5-79
40-->[:firebase_messaging] AndroidManifest.xml:9:22-76
41    <uses-permission android:name="android.permission.POST_NOTIFICATIONS" /> <!-- Required by older versions of Google Play services to create IID tokens -->
41-->[:firebase_messaging] AndroidManifest.xml:11:5-77
41-->[:firebase_messaging] AndroidManifest.xml:11:22-74
42    <uses-permission android:name="com.google.android.c2dm.permission.RECEIVE" />
42-->[com.google.firebase:firebase-iid:21.1.0] AndroidManifest.xml:26:5-82
42-->[com.google.firebase:firebase-iid:21.1.0] AndroidManifest.xml:26:22-79
43    <uses-permission android:name="com.google.android.gms.permission.AD_ID" />
43-->[com.google.android.gms:play-services-measurement-api:21.6.1] AndroidManifest.xml:25:5-79
43-->[com.google.android.gms:play-services-measurement-api:21.6.1] AndroidManifest.xml:25:22-76
44    <uses-permission android:name="android.permission.ACCESS_ADSERVICES_ATTRIBUTION" />
44-->[com.google.android.gms:play-services-measurement-api:21.6.1] AndroidManifest.xml:26:5-88
44-->[com.google.android.gms:play-services-measurement-api:21.6.1] AndroidManifest.xml:26:22-85
45    <uses-permission android:name="android.permission.ACCESS_ADSERVICES_AD_ID" />
45-->[com.google.android.gms:play-services-measurement-api:21.6.1] AndroidManifest.xml:27:5-82
45-->[com.google.android.gms:play-services-measurement-api:21.6.1] AndroidManifest.xml:27:22-79
46    <uses-permission android:name="android.permission.VIBRATE" />
46-->[:flutter_local_notifications] AndroidManifest.xml:7:5-66
46-->[:flutter_local_notifications] AndroidManifest.xml:7:22-63
47    <uses-permission android:name="com.google.android.finsky.permission.BIND_GET_INSTALL_REFERRER_SERVICE" />
47-->[com.google.android.gms:play-services-measurement:21.6.1] AndroidManifest.xml:26:5-110
47-->[com.google.android.gms:play-services-measurement:21.6.1] AndroidManifest.xml:26:22-107
48
49    <uses-feature
49-->[com.google.android.gms:play-services-maps:18.0.2] AndroidManifest.xml:26:5-28:35
50        android:glEsVersion="0x00020000"
50-->[com.google.android.gms:play-services-maps:18.0.2] AndroidManifest.xml:27:9-41
51        android:required="true" />
51-->[com.google.android.gms:play-services-maps:18.0.2] AndroidManifest.xml:28:9-32
52
53    <permission
53-->[androidx.core:core:1.13.1] AndroidManifest.xml:22:5-24:47
54        android:name="com.example.smartsales365_movil.DYNAMIC_RECEIVER_NOT_EXPORTED_PERMISSION"
54-->[androidx.core:core:1.13.1] AndroidManifest.xml:23:9-81
55        android:protectionLevel="signature" />
55-->[androidx.core:core:1.13.1] AndroidManifest.xml:24:9-44
56
57    <uses-permission android:name="com.example.smartsales365_movil.DYNAMIC_RECEIVER_NOT_EXPORTED_PERMISSION" />
57-->[androidx.core:core:1.13.1] AndroidManifest.xml:26:5-97
57-->[androidx.core:core:1.13.1] AndroidManifest.xml:26:22-94
58
59    <application
60        android:name="android.app.Application"
61        android:appComponentFactory="androidx.core.app.CoreComponentFactory"
61-->[androidx.core:core:1.13.1] AndroidManifest.xml:28:18-86
62        android:debuggable="true"
63        android:extractNativeLibs="false"
64        android:icon="@mipmap/ic_launcher"
65        android:label="smartsales365_movil" >
66        <activity
67            android:name="com.example.smartsales365_movil.MainActivity"
68            android:configChanges="orientation|keyboardHidden|keyboard|screenSize|smallestScreenSize|locale|layoutDirection|fontScale|screenLayout|density|uiMode"
69            android:exported="true"
70            android:hardwareAccelerated="true"
71            android:launchMode="singleTop"
72            android:taskAffinity=""
73            android:theme="@style/LaunchTheme"
74            android:windowSoftInputMode="adjustResize" >
75
76            <!--
77                 Specifies an Android theme to apply to this Activity as soon as
78                 the Android process has started. This theme is visible to the user
79                 while the Flutter UI initializes. After that, this theme continues
80                 to determine the Window background behind the Flutter UI.
81            -->
82            <meta-data
83                android:name="io.flutter.embedding.android.NormalTheme"
84                android:resource="@style/NormalTheme" />
85
86            <intent-filter>
87                <action android:name="android.intent.action.MAIN" />
88
89                <category android:name="android.intent.category.LAUNCHER" />
90            </intent-filter>
91        </activity>
92        <!--
93             Don't delete the meta-data below.
94             This is used by the Flutter tool to generate GeneratedPluginRegistrant.java
95        -->
96        <meta-data
97            android:name="flutterEmbedding"
98            android:value="2" />
99        <!--
100           Declares a provider which allows us to store files to share in
101           '.../caches/share_plus' and grant the receiving action access
102        -->
103        <provider
103-->[:share_plus] AndroidManifest.xml:13:9-21:20
104            android:name="dev.fluttercommunity.plus.share.ShareFileProvider"
104-->[:share_plus] AndroidManifest.xml:14:13-77
105            android:authorities="com.example.smartsales365_movil.flutter.share_provider"
105-->[:share_plus] AndroidManifest.xml:15:13-74
106            android:exported="false"
106-->[:share_plus] AndroidManifest.xml:16:13-37
107            android:grantUriPermissions="true" >
107-->[:share_plus] AndroidManifest.xml:17:13-47
108            <meta-data
108-->[:share_plus] AndroidManifest.xml:18:13-20:68
109                android:name="android.support.FILE_PROVIDER_PATHS"
109-->[:share_plus] AndroidManifest.xml:19:17-67
110                android:resource="@xml/flutter_share_file_paths" />
110-->[:share_plus] AndroidManifest.xml:20:17-65
111        </provider>
112        <!--
113           This manifest declared broadcast receiver allows us to use an explicit
114           Intent when creating a PendingItent to be informed of the user's choice
115        -->
116        <receiver
116-->[:share_plus] AndroidManifest.xml:26:9-32:20
117            android:name="dev.fluttercommunity.plus.share.SharePlusPendingIntent"
117-->[:share_plus] AndroidManifest.xml:27:13-82
118            android:exported="false" >
118-->[:share_plus] AndroidManifest.xml:28:13-37
119            <intent-filter>
119-->[:share_plus] AndroidManifest.xml:29:13-31:29
120                <action android:name="EXTRA_CHOSEN_COMPONENT" />
120-->[:share_plus] AndroidManifest.xml:30:17-65
120-->[:share_plus] AndroidManifest.xml:30:25-62
121            </intent-filter>
122        </receiver>
123
124        <service
124-->[:firebase_messaging] AndroidManifest.xml:14:9-17:72
125            android:name="io.flutter.plugins.firebase.messaging.FlutterFirebaseMessagingBackgroundService"
125-->[:firebase_messaging] AndroidManifest.xml:15:13-107
126            android:exported="false"
126-->[:firebase_messaging] AndroidManifest.xml:16:13-37
127            android:permission="android.permission.BIND_JOB_SERVICE" />
127-->[:firebase_messaging] AndroidManifest.xml:17:13-69
128        <service
128-->[:firebase_messaging] AndroidManifest.xml:18:9-24:19
129            android:name="io.flutter.plugins.firebase.messaging.FlutterFirebaseMessagingService"
129-->[:firebase_messaging] AndroidManifest.xml:19:13-97
130            android:exported="false" >
130-->[:firebase_messaging] AndroidManifest.xml:20:13-37
131            <intent-filter>
131-->[:firebase_messaging] AndroidManifest.xml:21:13-23:29
132                <action android:name="com.google.firebase.MESSAGING_EVENT" />
132-->[:firebase_messaging] AndroidManifest.xml:22:17-78
132-->[:firebase_messaging] AndroidManifest.xml:22:25-75
133            </intent-filter>
134        </service>
135
136        <receiver
136-->[:firebase_messaging] AndroidManifest.xml:26:9-33:20
137            android:name="io.flutter.plugins.firebase.messaging.FlutterFirebaseMessagingReceiver"
137-->[:firebase_messaging] AndroidManifest.xml:27:13-98
138            android:exported="true"
138-->[:firebase_messaging] AndroidManifest.xml:28:13-36
139            android:permission="com.google.android.c2dm.permission.SEND" >
139-->[:firebase_messaging] AndroidManifest.xml:29:13-73
140            <intent-filter>
140-->[:firebase_messaging] AndroidManifest.xml:30:13-32:29
141                <action android:name="com.google.android.c2dm.intent.RECEIVE" />
141-->[:firebase_messaging] AndroidManifest.xml:31:17-81
141-->[:firebase_messaging] AndroidManifest.xml:31:25-78
142            </intent-filter>
143        </receiver>
144
145        <service
145-->[:firebase_messaging] AndroidManifest.xml:35:9-39:19
146            android:name="com.google.firebase.components.ComponentDiscoveryService"
146-->[:firebase_messaging] AndroidManifest.xml:35:18-89
147            android:directBootAware="true"
147-->[com.google.firebase:firebase-common:20.4.3] AndroidManifest.xml:32:13-43
148            android:exported="false" >
148-->[com.google.firebase:firebase-iid:21.1.0] AndroidManifest.xml:31:13-37
149            <meta-data
149-->[:firebase_messaging] AndroidManifest.xml:36:13-38:85
150                android:name="com.google.firebase.components:io.flutter.plugins.firebase.messaging.FlutterFirebaseAppRegistrar"
150-->[:firebase_messaging] AndroidManifest.xml:37:17-128
151                android:value="com.google.firebase.components.ComponentRegistrar" />
151-->[:firebase_messaging] AndroidManifest.xml:38:17-82
152            <meta-data
152-->[:firebase_core] AndroidManifest.xml:9:13-11:85
153                android:name="com.google.firebase.components:io.flutter.plugins.firebase.core.FlutterFirebaseCoreRegistrar"
153-->[:firebase_core] AndroidManifest.xml:10:17-124
154                android:value="com.google.firebase.components.ComponentRegistrar" />
154-->[:firebase_core] AndroidManifest.xml:11:17-82
155            <meta-data
155-->[com.google.firebase:firebase-iid:21.1.0] AndroidManifest.xml:32:13-34:85
156                android:name="com.google.firebase.components:com.google.firebase.iid.Registrar"
156-->[com.google.firebase:firebase-iid:21.1.0] AndroidManifest.xml:33:17-96
157                android:value="com.google.firebase.components.ComponentRegistrar" />
157-->[com.google.firebase:firebase-iid:21.1.0] AndroidManifest.xml:34:17-82
158            <meta-data
158-->[com.google.firebase:firebase-messaging:23.4.1] AndroidManifest.xml:57:13-59:85
159                android:name="com.google.firebase.components:com.google.firebase.messaging.FirebaseMessagingKtxRegistrar"
159-->[com.google.firebase:firebase-messaging:23.4.1] AndroidManifest.xml:58:17-122
160                android:value="com.google.firebase.components.ComponentRegistrar" />
160-->[com.google.firebase:firebase-messaging:23.4.1] AndroidManifest.xml:59:17-82
161            <meta-data
161-->[com.google.firebase:firebase-messaging:23.4.1] AndroidManifest.xml:60:13-62:85
162                android:name="com.google.firebase.components:com.google.firebase.messaging.FirebaseMessagingRegistrar"
162-->[com.google.firebase:firebase-messaging:23.4.1] AndroidManifest.xml:61:17-119
163                android:value="com.google.firebase.components.ComponentRegistrar" />
163-->[com.google.firebase:firebase-messaging:23.4.1] AndroidManifest.xml:62:17-82
164            <meta-data
164-->[com.google.android.gms:play-services-measurement-api:21.6.1] AndroidManifest.xml:37:13-39:85
165                android:name="com.google.firebase.components:com.google.firebase.analytics.connector.internal.AnalyticsConnectorRegistrar"
165-->[com.google.android.gms:play-services-measurement-api:21.6.1] AndroidManifest.xml:38:17-139
166                android:value="com.google.firebase.components.ComponentRegistrar" />
166-->[com.google.android.gms:play-services-measurement-api:21.6.1] AndroidManifest.xml:39:17-82
167            <meta-data
167-->[com.google.firebase:firebase-installations:17.2.0] AndroidManifest.xml:15:13-17:85
168                android:name="com.google.firebase.components:com.google.firebase.installations.FirebaseInstallationsKtxRegistrar"
168-->[com.google.firebase:firebase-installations:17.2.0] AndroidManifest.xml:16:17-130
169                android:value="com.google.firebase.components.ComponentRegistrar" />
169-->[com.google.firebase:firebase-installations:17.2.0] AndroidManifest.xml:17:17-82
170            <meta-data
170-->[com.google.firebase:firebase-installations:17.2.0] AndroidManifest.xml:18:13-20:85
171                android:name="com.google.firebase.components:com.google.firebase.installations.FirebaseInstallationsRegistrar"
171-->[com.google.firebase:firebase-installations:17.2.0] AndroidManifest.xml:19:17-127
172                android:value="com.google.firebase.components.ComponentRegistrar" />
172-->[com.google.firebase:firebase-installations:17.2.0] AndroidManifest.xml:20:17-82
173            <meta-data
173-->[com.google.firebase:firebase-common-ktx:20.4.3] AndroidManifest.xml:12:13-14:85
174                android:name="com.google.firebase.components:com.google.firebase.ktx.FirebaseCommonLegacyRegistrar"
174-->[com.google.firebase:firebase-common-ktx:20.4.3] AndroidManifest.xml:13:17-116
175                android:value="com.google.firebase.components.ComponentRegistrar" />
175-->[com.google.firebase:firebase-common-ktx:20.4.3] AndroidManifest.xml:14:17-82
176            <meta-data
176-->[com.google.firebase:firebase-common:20.4.3] AndroidManifest.xml:35:13-37:85
177                android:name="com.google.firebase.components:com.google.firebase.FirebaseCommonKtxRegistrar"
177-->[com.google.firebase:firebase-common:20.4.3] AndroidManifest.xml:36:17-109
178                android:value="com.google.firebase.components.ComponentRegistrar" />
178-->[com.google.firebase:firebase-common:20.4.3] AndroidManifest.xml:37:17-82
179            <meta-data
179-->[com.google.firebase:firebase-datatransport:18.1.7] AndroidManifest.xml:27:13-29:85
180                android:name="com.google.firebase.components:com.google.firebase.datatransport.TransportRegistrar"
180-->[com.google.firebase:firebase-datatransport:18.1.7] AndroidManifest.xml:28:17-115
181                android:value="com.google.firebase.components.ComponentRegistrar" />
181-->[com.google.firebase:firebase-datatransport:18.1.7] AndroidManifest.xml:29:17-82
182        </service>
183
184        <provider
184-->[:firebase_messaging] AndroidManifest.xml:41:9-45:38
185            android:name="io.flutter.plugins.firebase.messaging.FlutterFirebaseMessagingInitProvider"
185-->[:firebase_messaging] AndroidManifest.xml:42:13-102
186            android:authorities="com.example.smartsales365_movil.flutterfirebasemessaginginitprovider"
186-->[:firebase_messaging] AndroidManifest.xml:43:13-88
187            android:exported="false"
187-->[:firebase_messaging] AndroidManifest.xml:44:13-37
188            android:initOrder="99" />
188-->[:firebase_messaging] AndroidManifest.xml:45:13-35
189
190        <receiver
190-->[com.google.firebase:firebase-messaging:23.4.1] AndroidManifest.xml:29:9-40:20
191            android:name="com.google.firebase.iid.FirebaseInstanceIdReceiver"
191-->[com.google.firebase:firebase-messaging:23.4.1] AndroidManifest.xml:30:13-78
192            android:exported="true"
192-->[com.google.firebase:firebase-messaging:23.4.1] AndroidManifest.xml:31:13-36
193            android:permission="com.google.android.c2dm.permission.SEND" >
193-->[com.google.firebase:firebase-messaging:23.4.1] AndroidManifest.xml:32:13-73
194            <intent-filter>
194-->[:firebase_messaging] AndroidManifest.xml:30:13-32:29
195                <action android:name="com.google.android.c2dm.intent.RECEIVE" />
195-->[:firebase_messaging] AndroidManifest.xml:31:17-81
195-->[:firebase_messaging] AndroidManifest.xml:31:25-78
196            </intent-filter>
197
198            <meta-data
198-->[com.google.firebase:firebase-messaging:23.4.1] AndroidManifest.xml:37:13-39:40
199                android:name="com.google.android.gms.cloudmessaging.FINISHED_AFTER_HANDLED"
199-->[com.google.firebase:firebase-messaging:23.4.1] AndroidManifest.xml:38:17-92
200                android:value="true" />
200-->[com.google.firebase:firebase-messaging:23.4.1] AndroidManifest.xml:39:17-37
201        </receiver>
202        <!--
203             FirebaseMessagingService performs security checks at runtime,
204             but set to not exported to explicitly avoid allowing another app to call it.
205        -->
206        <service
206-->[com.google.firebase:firebase-messaging:23.4.1] AndroidManifest.xml:46:9-53:19
207            android:name="com.google.firebase.messaging.FirebaseMessagingService"
207-->[com.google.firebase:firebase-messaging:23.4.1] AndroidManifest.xml:47:13-82
208            android:directBootAware="true"
208-->[com.google.firebase:firebase-messaging:23.4.1] AndroidManifest.xml:48:13-43
209            android:exported="false" >
209-->[com.google.firebase:firebase-messaging:23.4.1] AndroidManifest.xml:49:13-37
210            <intent-filter android:priority="-500" >
210-->[:firebase_messaging] AndroidManifest.xml:21:13-23:29
211                <action android:name="com.google.firebase.MESSAGING_EVENT" />
211-->[:firebase_messaging] AndroidManifest.xml:22:17-78
211-->[:firebase_messaging] AndroidManifest.xml:22:25-75
212            </intent-filter>
213        </service>
214
215        <property
215-->[com.google.android.gms:play-services-measurement-api:21.6.1] AndroidManifest.xml:30:9-32:61
216            android:name="android.adservices.AD_SERVICES_CONFIG"
216-->[com.google.android.gms:play-services-measurement-api:21.6.1] AndroidManifest.xml:31:13-65
217            android:resource="@xml/ga_ad_services_config" />
217-->[com.google.android.gms:play-services-measurement-api:21.6.1] AndroidManifest.xml:32:13-58
218
219        <provider
219-->[com.google.firebase:firebase-common:20.4.3] AndroidManifest.xml:23:9-28:39
220            android:name="com.google.firebase.provider.FirebaseInitProvider"
220-->[com.google.firebase:firebase-common:20.4.3] AndroidManifest.xml:24:13-77
221            android:authorities="com.example.smartsales365_movil.firebaseinitprovider"
221-->[com.google.firebase:firebase-common:20.4.3] AndroidManifest.xml:25:13-72
222            android:directBootAware="true"
222-->[com.google.firebase:firebase-common:20.4.3] AndroidManifest.xml:26:13-43
223            android:exported="false"
223-->[com.google.firebase:firebase-common:20.4.3] AndroidManifest.xml:27:13-37
224            android:initOrder="100" />
224-->[com.google.firebase:firebase-common:20.4.3] AndroidManifest.xml:28:13-36
225
226        <activity
226-->[com.stripe:financial-connections:21.26.1] AndroidManifest.xml:21:9-65:20
227            android:name="com.stripe.android.financialconnections.FinancialConnectionsSheetRedirectActivity"
227-->[com.stripe:financial-connections:21.26.1] AndroidManifest.xml:22:13-109
228            android:exported="true"
228-->[com.stripe:financial-connections:21.26.1] AndroidManifest.xml:23:13-36
229            android:launchMode="singleTask" >
229-->[com.stripe:financial-connections:21.26.1] AndroidManifest.xml:24:13-44
230            <intent-filter>
230-->[com.stripe:financial-connections:21.26.1] AndroidManifest.xml:25:13-64:29
231                <action android:name="android.intent.action.VIEW" />
231-->[com.stripe:financial-connections:21.26.1] AndroidManifest.xml:14:13-65
231-->[com.stripe:financial-connections:21.26.1] AndroidManifest.xml:14:21-62
232
233                <category android:name="android.intent.category.DEFAULT" />
233-->[com.stripe:financial-connections:21.26.1] AndroidManifest.xml:28:17-76
233-->[com.stripe:financial-connections:21.26.1] AndroidManifest.xml:28:27-73
234                <category android:name="android.intent.category.BROWSABLE" />
234-->[com.stripe:financial-connections:21.26.1] AndroidManifest.xml:29:17-78
234-->[com.stripe:financial-connections:21.26.1] AndroidManifest.xml:29:27-75
235
236                <!-- Returning from app2app: return_url is triggered to reopen web AuthFlow and poll accounts. -->
237                <data
237-->src\main\AndroidManifest.xml:43:13-50
238                    android:host="link-accounts"
239                    android:pathPrefix="/com.example.smartsales365_movil/authentication_return"
240                    android:scheme="stripe-auth" />
241
242                <!-- Returning from app2app: return_url is triggered to reopen native AuthFlow and poll accounts. -->
243                <data
243-->src\main\AndroidManifest.xml:43:13-50
244                    android:host="link-native-accounts"
245                    android:pathPrefix="/com.example.smartsales365_movil/authentication_return"
246                    android:scheme="stripe-auth" />
247
248                <!-- End of web AuthFlow success and cancel URIs that begin with "stripe-auth://link-accounts/{app-id}/...” -->
249                <data
249-->src\main\AndroidManifest.xml:43:13-50
250                    android:host="link-accounts"
251                    android:path="/com.example.smartsales365_movil/success"
252                    android:scheme="stripe-auth" />
253                <data
253-->src\main\AndroidManifest.xml:43:13-50
254                    android:host="link-accounts"
255                    android:path="/com.example.smartsales365_movil/cancel"
256                    android:scheme="stripe-auth" />
257
258                <!-- Opening app2app: Web flow triggers stripe-auth://native-redirect/{app-id}/http://web-that-redirects-to-native -->
259                <data
259-->src\main\AndroidManifest.xml:43:13-50
260                    android:host="native-redirect"
261                    android:pathPrefix="/com.example.smartsales365_movil"
262                    android:scheme="stripe-auth" />
263
264                <!-- Accepts success/cancel/fail URIs that begin with "stripe://auth-redirect” -->
265                <data
265-->src\main\AndroidManifest.xml:43:13-50
266                    android:host="auth-redirect"
267                    android:pathPrefix="/com.example.smartsales365_movil"
268                    android:scheme="stripe" />
269            </intent-filter>
270        </activity>
271        <activity
271-->[com.stripe:financial-connections:21.26.1] AndroidManifest.xml:66:9-69:77
272            android:name="com.stripe.android.financialconnections.FinancialConnectionsSheetActivity"
272-->[com.stripe:financial-connections:21.26.1] AndroidManifest.xml:67:13-101
273            android:exported="false"
273-->[com.stripe:financial-connections:21.26.1] AndroidManifest.xml:68:13-37
274            android:theme="@style/StripeFinancialConnectionsDefaultTheme" />
274-->[com.stripe:financial-connections:21.26.1] AndroidManifest.xml:69:13-74
275        <activity
275-->[com.stripe:financial-connections:21.26.1] AndroidManifest.xml:70:9-74:58
276            android:name="com.stripe.android.financialconnections.ui.FinancialConnectionsSheetNativeActivity"
276-->[com.stripe:financial-connections:21.26.1] AndroidManifest.xml:71:13-110
277            android:exported="false"
277-->[com.stripe:financial-connections:21.26.1] AndroidManifest.xml:72:13-37
278            android:theme="@style/StripeFinancialConnectionsDefaultTheme"
278-->[com.stripe:financial-connections:21.26.1] AndroidManifest.xml:73:13-74
279            android:windowSoftInputMode="adjustResize" />
279-->[com.stripe:financial-connections:21.26.1] AndroidManifest.xml:74:13-55
280
281        <provider
281-->[:printing] AndroidManifest.xml:8:9-16:20
282            android:name="net.nfet.flutter.printing.PrintFileProvider"
282-->[:printing] AndroidManifest.xml:9:13-71
283            android:authorities="com.example.smartsales365_movil.flutter.printing"
283-->[:printing] AndroidManifest.xml:10:13-68
284            android:exported="false"
284-->[:printing] AndroidManifest.xml:11:13-37
285            android:grantUriPermissions="true" >
285-->[:printing] AndroidManifest.xml:12:13-47
286            <meta-data
286-->[:share_plus] AndroidManifest.xml:18:13-20:68
287                android:name="android.support.FILE_PROVIDER_PATHS"
287-->[:share_plus] AndroidManifest.xml:19:17-67
288                android:resource="@xml/flutter_printing_file_paths" />
288-->[:share_plus] AndroidManifest.xml:20:17-65
289        </provider>
290
291        <uses-library
291-->[androidx.window:window:1.2.0] AndroidManifest.xml:23:9-25:40
292            android:name="androidx.window.extensions"
292-->[androidx.window:window:1.2.0] AndroidManifest.xml:24:13-54
293            android:required="false" />
293-->[androidx.window:window:1.2.0] AndroidManifest.xml:25:13-37
294        <uses-library
294-->[androidx.window:window:1.2.0] AndroidManifest.xml:26:9-28:40
295            android:name="androidx.window.sidecar"
295-->[androidx.window:window:1.2.0] AndroidManifest.xml:27:13-51
296            android:required="false" />
296-->[androidx.window:window:1.2.0] AndroidManifest.xml:28:13-37
297
298        <receiver
298-->[com.google.android.gms:play-services-measurement:21.6.1] AndroidManifest.xml:29:9-33:20
299            android:name="com.google.android.gms.measurement.AppMeasurementReceiver"
299-->[com.google.android.gms:play-services-measurement:21.6.1] AndroidManifest.xml:30:13-85
300            android:enabled="true"
300-->[com.google.android.gms:play-services-measurement:21.6.1] AndroidManifest.xml:31:13-35
301            android:exported="false" >
301-->[com.google.android.gms:play-services-measurement:21.6.1] AndroidManifest.xml:32:13-37
302        </receiver>
303
304        <service
304-->[com.google.android.gms:play-services-measurement:21.6.1] AndroidManifest.xml:35:9-38:40
305            android:name="com.google.android.gms.measurement.AppMeasurementService"
305-->[com.google.android.gms:play-services-measurement:21.6.1] AndroidManifest.xml:36:13-84
306            android:enabled="true"
306-->[com.google.android.gms:play-services-measurement:21.6.1] AndroidManifest.xml:37:13-35
307            android:exported="false" />
307-->[com.google.android.gms:play-services-measurement:21.6.1] AndroidManifest.xml:38:13-37
308        <service
308-->[com.google.android.gms:play-services-measurement:21.6.1] AndroidManifest.xml:39:9-43:72
309            android:name="com.google.android.gms.measurement.AppMeasurementJobService"
309-->[com.google.android.gms:play-services-measurement:21.6.1] AndroidManifest.xml:40:13-87
310            android:enabled="true"
310-->[com.google.android.gms:play-services-measurement:21.6.1] AndroidManifest.xml:41:13-35
311            android:exported="false"
311-->[com.google.android.gms:play-services-measurement:21.6.1] AndroidManifest.xml:42:13-37
312            android:permission="android.permission.BIND_JOB_SERVICE" />
312-->[com.google.android.gms:play-services-measurement:21.6.1] AndroidManifest.xml:43:13-69
313
314        <activity